# JRE version: Java(TM) SE Runtime Environment (8.0_161-b12) (build 1.8.0_161-b12)
# Java VM: Java HotSpot(TM) 64-Bit Server VM (25.161-b12 mixed mode windows-amd64 compressed oops)
Heap:
 PSYoungGen      total 66048K, used 9075K [0x000000076b200000, 0x0000000772f80000, 0x00000007c0000000)
  eden space 55296K, 2% used [0x000000076b200000,0x000000076b395180,0x000000076e800000)
  from space 10752K, 69% used [0x000000076fc80000,0x00000007703c7d98,0x0000000770700000)
  to   space 20992K, 0% used [0x000000076e800000,0x000000076e800000,0x000000076fc80000)
 ParOldGen       total 137728K, used 20320K [0x00000006c1600000, 0x00000006c9c80000, 0x000000076b200000)
  object space 137728K, 14% used [0x00000006c1600000,0x00000006c29d82f0,0x00000006c9c80000)
 Metaspace       used 24383K, capacity 24958K, committed 25136K, reserved 1071104K
  class space    used 2913K, capacity 3092K, committed 3120K, reserved 1048576K
GC Heap History (10 events):
Event: 5.424 GC heap before
{Heap before GC invocations=3 (full 0):
 PSYoungGen      total 76288K, used 75691K [0x000000076b200000, 0x0000000770700000, 0x00000007c0000000)
  eden space 65536K, 100% used [0x000000076b200000,0x000000076f200000,0x000000076f200000)
  from space 10752K, 94% used [0x000000076fc80000,0x000000077066ae48,0x0000000770700000)
  to   space 10752K, 0% used [0x000000076f200000,0x000000076f200000,0x000000076fc80000)
 ParOldGen       total 175104K, used 24K [0x00000006c1600000, 0x00000006cc100000, 0x000000076b200000)
  object space 175104K, 0% used [0x00000006c1600000,0x00000006c1606000,0x00000006cc100000)
 Metaspace       used 17854K, capacity 18268K, committed 18432K, reserved 1064960K
  class space    used 2120K, capacity 2253K, committed 2304K, reserved 1048576K
Event: 5.450 GC heap after
Heap after GC invocations=3 (full 0):
 PSYoungGen      total 76288K, used 10742K [0x000000076b200000, 0x0000000770700000, 0x00000007c0000000)
  eden space 65536K, 0% used [0x000000076b200000,0x000000076b200000,0x000000076f200000)
  from space 10752K, 99% used [0x000000076f200000,0x000000076fc7d8c0,0x000000076fc80000)
  to   space 10752K, 0% used [0x000000076fc80000,0x000000076fc80000,0x0000000770700000)
 ParOldGen       total 175104K, used 2607K [0x00000006c1600000, 0x00000006cc100000, 0x000000076b200000)
  object space 175104K, 1% used [0x00000006c1600000,0x00000006c188bc00,0x00000006cc100000)
 Metaspace       used 17854K, capacity 18268K, committed 18432K, reserved 1064960K
  class space    used 2120K, capacity 2253K, committed 2304K, reserved 1048576K
}
Event: 6.804 GC heap before
{Heap before GC invocations=4 (full 0):
 PSYoungGen      total 76288K, used 76278K [0x000000076b200000, 0x0000000770700000, 0x00000007c0000000)
  eden space 65536K, 100% used [0x000000076b200000,0x000000076f200000,0x000000076f200000)
  from space 10752K, 99% used [0x000000076f200000,0x000000076fc7d8c0,0x000000076fc80000)
  to   space 10752K, 0% used [0x000000076fc80000,0x000000076fc80000,0x0000000770700000)
 ParOldGen       total 175104K, used 2607K [0x00000006c1600000, 0x00000006cc100000, 0x000000076b200000)
  object space 175104K, 1% used [0x00000006c1600000,0x00000006c188bc00,0x00000006cc100000)
 Metaspace       used 18917K, capacity 19240K, committed 19584K, reserved 1067008K
  class space    used 2240K, capacity 2355K, committed 2432K, reserved 1048576K
Event: 6.862 GC heap after
Heap after GC invocations=4 (full 0):
 PSYoungGen      total 76288K, used 10741K [0x000000076b200000, 0x0000000770700000, 0x00000007c0000000)
  eden space 65536K, 0% used [0x000000076b200000,0x000000076b200000,0x000000076f200000)
  from space 10752K, 99% used [0x000000076fc80000,0x00000007706fd728,0x0000000770700000)
  to   space 10752K, 0% used [0x000000076f200000,0x000000076f200000,0x000000076fc80000)
 ParOldGen       total 175104K, used 9875K [0x00000006c1600000, 0x00000006cc100000, 0x000000076b200000)
  object space 175104K, 5% used [0x00000006c1600000,0x00000006c1fa4cd0,0x00000006cc100000)
 Metaspace       used 18917K, capacity 19240K, committed 19584K, reserved 1067008K
  class space    used 2240K, capacity 2355K, committed 2432K, reserved 1048576K
}
Event: 9.716 GC heap before
{Heap before GC invocations=5 (full 0):
 PSYoungGen      total 76288K, used 76277K [0x000000076b200000, 0x0000000770700000, 0x00000007c0000000)
  eden space 65536K, 100% used [0x000000076b200000,0x000000076f200000,0x000000076f200000)
  from space 10752K, 99% used [0x000000076fc80000,0x00000007706fd728,0x0000000770700000)
  to   space 10752K, 0% used [0x000000076f200000,0x000000076f200000,0x000000076fc80000)
 ParOldGen       total 175104K, used 9875K [0x00000006c1600000, 0x00000006cc100000, 0x000000076b200000)
  object space 175104K, 5% used [0x00000006c1600000,0x00000006c1fa4cd0,0x00000006cc100000)
 Metaspace       used 20597K, capacity 21118K, committed 21296K, reserved 1069056K
  class space    used 2402K, capacity 2580K, committed 2608K, reserved 1048576K
Event: 9.767 GC heap after
Heap after GC invocations=5 (full 0):
 PSYoungGen      total 76288K, used 10741K [0x000000076b200000, 0x0000000770700000, 0x00000007c0000000)
  eden space 65536K, 0% used [0x000000076b200000,0x000000076b200000,0x000000076f200000)
  from space 10752K, 99% used [0x000000076f200000,0x000000076fc7d6e8,0x000000076fc80000)
  to   space 10752K, 0% used [0x000000076fc80000,0x000000076fc80000,0x0000000770700000)
 ParOldGen       total 175104K, used 15300K [0x00000006c1600000, 0x00000006cc100000, 0x000000076b200000)
  object space 175104K, 8% used [0x00000006c1600000,0x00000006c24f13e8,0x00000006cc100000)
 Metaspace       used 20597K, capacity 21118K, committed 21296K, reserved 1069056K
  class space    used 2402K, capacity 2580K, committed 2608K, reserved 1048576K
}
Event: 9.767 GC heap before
{Heap before GC invocations=6 (full 1):
 PSYoungGen      total 76288K, used 10741K [0x000000076b200000, 0x0000000770700000, 0x00000007c0000000)
  eden space 65536K, 0% used [0x000000076b200000,0x000000076b200000,0x000000076f200000)
  from space 10752K, 99% used [0x000000076f200000,0x000000076fc7d6e8,0x000000076fc80000)
  to   space 10752K, 0% used [0x000000076fc80000,0x000000076fc80000,0x0000000770700000)
 ParOldGen       total 175104K, used 15300K [0x00000006c1600000, 0x00000006cc100000, 0x000000076b200000)
  object space 175104K, 8% used [0x00000006c1600000,0x00000006c24f13e8,0x00000006cc100000)
 Metaspace       used 20597K, capacity 21118K, committed 21296K, reserved 1069056K
  class space    used 2402K, capacity 2580K, committed 2608K, reserved 1048576K
Event: 10.099 GC heap after
Heap after GC invocations=6 (full 1):
 PSYoungGen      total 76288K, used 0K [0x000000076b200000, 0x0000000770700000, 0x00000007c0000000)
  eden space 65536K, 0% used [0x000000076b200000,0x000000076b200000,0x000000076f200000)
  from space 10752K, 0% used [0x000000076f200000,0x000000076f200000,0x000000076fc80000)
  to   space 10752K, 0% used [0x000000076fc80000,0x000000076fc80000,0x0000000770700000)
 ParOldGen       total 137728K, used 20312K [0x00000006c1600000, 0x00000006c9c80000, 0x000000076b200000)
  object space 137728K, 14% used [0x00000006c1600000,0x00000006c29d62f0,0x00000006c9c80000)
 Metaspace       used 20597K, capacity 21118K, committed 21296K, reserved 1069056K
  class space    used 2402K, capacity 2580K, committed 2608K, reserved 1048576K
}
Event: 11.020 GC heap before
{Heap before GC invocations=7 (full 1):
 PSYoungGen      total 76288K, used 65150K [0x000000076b200000, 0x0000000770700000, 0x00000007c0000000)
  eden space 65536K, 99% used [0x000000076b200000,0x000000076f19fbc8,0x000000076f200000)
  from space 10752K, 0% used [0x000000076f200000,0x000000076f200000,0x000000076fc80000)
  to   space 10752K, 0% used [0x000000076fc80000,0x000000076fc80000,0x0000000770700000)
 ParOldGen       total 137728K, used 20312K [0x00000006c1600000, 0x00000006c9c80000, 0x000000076b200000)
  object space 137728K, 14% used [0x00000006c1600000,0x00000006c29d62f0,0x00000006c9c80000)
 Metaspace       used 24383K, capacity 24958K, committed 25136K, reserved 1071104K
  class space    used 2913K, capacity 3092K, committed 3120K, reserved 1048576K
Event: 11.030 GC heap after
Heap after GC invocations=7 (full 1):
 PSYoungGen      total 66048K, used 7455K [0x000000076b200000, 0x0000000772f80000, 0x00000007c0000000)
  eden space 55296K, 0% used [0x000000076b200000,0x000000076b200000,0x000000076e800000)
  from space 10752K, 69% used [0x000000076fc80000,0x00000007703c7d98,0x0000000770700000)
  to   space 20992K, 0% used [0x000000076e800000,0x000000076e800000,0x000000076fc80000)
 ParOldGen       total 137728K, used 20320K [0x00000006c1600000, 0x00000006c9c80000, 0x000000076b200000)
  object space 137728K, 14% used [0x00000006c1600000,0x00000006c29d82f0,0x00000006c9c80000)
 Metaspace       used 24383K, capacity 24958K, committed 25136K, reserved 1071104K
  class space    used 2913K, capacity 3092K, committed 3120K, reserved 1048576K
}

